<?xml version="1.0" encoding="UTF-8"?>
<!-- Generated by org.testng.reporters.JUnitReportReporter -->
<testsuite skipped="0" hostname="valhalla" name="amazon.Amazon" tests="1" failures="0" timestamp="30 Oct 2016 22:16:48 GMT" time="0.009" errors="0">
  <testcase name="f" time="0.009" classname="amazon.Amazon"/>
</testsuite> <!-- amazon.Amazon -->
